[debug] [2022-09-27T22:26:11.510Z] ----------------------------------------------------------------------
[debug] [2022-09-27T22:26:11.513Z] Command:       /usr/local/bin/node /usr/local/bin/firebase emulators:start
[debug] [2022-09-27T22:26:11.513Z] CLI Version:   11.11.0
[debug] [2022-09-27T22:26:11.513Z] Platform:      darwin
[debug] [2022-09-27T22:26:11.514Z] Node Version:  v16.17.0
[debug] [2022-09-27T22:26:11.525Z] Time:          Tue Sep 27 2022 17:26:11 GMT-0500 (Central Daylight Time)
[debug] [2022-09-27T22:26:11.526Z] ----------------------------------------------------------------------
[debug] 
[debug] [2022-09-27T22:26:11.606Z] > command requires scopes: ["email","openid","https://www.googleapis.com/auth/cloudplatformprojects.readonly","https://www.googleapis.com/auth/firebase","https://www.googleapis.com/auth/cloud-platform"]
[debug] [2022-09-27T22:26:11.607Z] > authorizing via signed-in user (productivefirebase@gmail.com)
[debug] [2022-09-27T22:26:11.700Z] java version "19" 2022-09-20

[debug] [2022-09-27T22:26:11.701Z] Java(TM) SE Runtime Environment (build 19+36-2238)
Java HotSpot(TM) 64-Bit Server VM (build 19+36-2238, mixed mode, sharing)

[debug] [2022-09-27T22:26:11.705Z] Parsed Java major version: 19
[info] i  emulators: Starting emulators: auth, functions, database {"metadata":{"emulator":{"name":"hub"},"message":"Starting emulators: auth, functions, database"}}
[debug] [2022-09-27T22:26:11.725Z] [hub] writing locator at /var/folders/4h/t98jc2l10837d4gw4ln7_glr0000gn/T/hub-productive-c3d8a.json
[warn] ⚠  functions: The functions emulator is configured but there is no functions source directory. Have you run firebase init functions? {"metadata":{"emulator":{"name":"functions"},"message":"The functions emulator is configured but there is no functions source directory. Have you run \u001b[1mfirebase init functions\u001b[22m?"}}
[debug] [2022-09-27T22:26:11.739Z] >>> [apiv2][query] GET https://firebase.googleapis.com/v1beta1/projects/productive-c3d8a [none]
[debug] [2022-09-27T22:26:12.022Z] <<< [apiv2][status] GET https://firebase.googleapis.com/v1beta1/projects/productive-c3d8a 200
[debug] [2022-09-27T22:26:12.022Z] <<< [apiv2][body] GET https://firebase.googleapis.com/v1beta1/projects/productive-c3d8a {"projectId":"productive-c3d8a","projectNumber":"59050319106","displayName":"Productive","name":"projects/productive-c3d8a","resources":{"hostingSite":"productive-c3d8a","realtimeDatabaseInstance":"productive-c3d8a-default-rtdb"},"state":"ACTIVE","etag":"1_9be586a9-7111-4e15-a833-4223e785bb50"}
[debug] [2022-09-27T22:26:12.023Z] database rules config:  []
[warn] ⚠  database: Did not find a Realtime Database rules file specified in a firebase.json config file. The emulator will default to allowing all reads and writes. Learn more about this option: https://firebase.google.com/docs/emulator-suite/install_and_configure#security_rules_configuration. {"metadata":{"emulator":{"name":"database"},"message":"Did not find a Realtime Database rules file specified in a firebase.json config file. The emulator will default to allowing all reads and writes. Learn more about this option: https://firebase.google.com/docs/emulator-suite/install_and_configure#security_rules_configuration."}}
[debug] [2022-09-27T22:26:12.024Z] Ignoring unsupported arg: projectId {"metadata":{"emulator":{"name":"database"},"message":"Ignoring unsupported arg: projectId"}}
[debug] [2022-09-27T22:26:12.025Z] Ignoring unsupported arg: auto_download {"metadata":{"emulator":{"name":"database"},"message":"Ignoring unsupported arg: auto_download"}}
[debug] [2022-09-27T22:26:12.025Z] Ignoring unsupported arg: rules {"metadata":{"emulator":{"name":"database"},"message":"Ignoring unsupported arg: rules"}}
[debug] [2022-09-27T22:26:12.025Z] Starting Database Emulator with command {"binary":"java","args":["-Duser.language=en","-jar","/Users/Jason/.cache/firebase/emulators/firebase-database-emulator-v4.9.0.jar","--host","localhost","--port",9000],"optionalArgs":["port","host","functions_emulator_port","functions_emulator_host"],"joinArgs":false} {"metadata":{"emulator":{"name":"database"},"message":"Starting Database Emulator with command {\"binary\":\"java\",\"args\":[\"-Duser.language=en\",\"-jar\",\"/Users/Jason/.cache/firebase/emulators/firebase-database-emulator-v4.9.0.jar\",\"--host\",\"localhost\",\"--port\",9000],\"optionalArgs\":[\"port\",\"host\",\"functions_emulator_port\",\"functions_emulator_host\"],\"joinArgs\":false}"}}
[info] i  database: Database Emulator logging to database-debug.log {"metadata":{"emulator":{"name":"database"},"message":"Database Emulator logging to \u001b[1mdatabase-debug.log\u001b[22m"}}
[debug] [2022-09-27T22:26:14.191Z] 17:26:14.189 [NamespaceSystem-akka.actor.default-dispatcher-4] INFO akka.event.slf4j.Slf4jLogger - Slf4jLogger started
 {"metadata":{"emulator":{"name":"database"},"message":"17:26:14.189 [NamespaceSystem-akka.actor.default-dispatcher-4] INFO akka.event.slf4j.Slf4jLogger - Slf4jLogger started\n"}}
[debug] [2022-09-27T22:26:14.476Z] 17:26:14.475 [main] INFO com.firebase.server.forge.App$ - Listening at localhost:9000
 {"metadata":{"emulator":{"name":"database"},"message":"17:26:14.475 [main] INFO com.firebase.server.forge.App$ - Listening at localhost:9000\n"}}
[info] i  ui: downloading ui-v1.9.0.zip... {"metadata":{"emulator":{"name":"ui"},"message":"downloading ui-v1.9.0.zip..."}}
[debug] [2022-09-27T22:26:24.594Z] >>> [apiv2][query] GET https://storage.googleapis.com/firebase-preview-drop/emulator/ui-v1.9.0.zip 
[debug] [2022-09-27T22:26:25.326Z] <<< [apiv2][status] GET https://storage.googleapis.com/firebase-preview-drop/emulator/ui-v1.9.0.zip 200
[debug] [2022-09-27T22:26:25.327Z] <<< [apiv2][body] GET https://storage.googleapis.com/firebase-preview-drop/emulator/ui-v1.9.0.zip [stream]
[debug] [2022-09-27T22:26:27.150Z] Ignoring unsupported arg: auto_download {"metadata":{"emulator":{"name":"ui"},"message":"Ignoring unsupported arg: auto_download"}}
[debug] [2022-09-27T22:26:27.150Z] Ignoring unsupported arg: port {"metadata":{"emulator":{"name":"ui"},"message":"Ignoring unsupported arg: port"}}
[debug] [2022-09-27T22:26:27.151Z] Starting Emulator UI with command {"binary":"node","args":["/Users/Jason/.cache/firebase/emulators/ui-v1.9.0/server/server.js"],"optionalArgs":[],"joinArgs":false} {"metadata":{"emulator":{"name":"ui"},"message":"Starting Emulator UI with command {\"binary\":\"node\",\"args\":[\"/Users/Jason/.cache/firebase/emulators/ui-v1.9.0/server/server.js\"],\"optionalArgs\":[],\"joinArgs\":false}"}}
[info] i  ui: Emulator UI logging to ui-debug.log {"metadata":{"emulator":{"name":"ui"},"message":"Emulator UI logging to \u001b[1mui-debug.log\u001b[22m"}}
[debug] [2022-09-27T22:26:27.320Z] Web / API server started at localhost:4000
 {"metadata":{"emulator":{"name":"ui"},"message":"Web / API server started at localhost:4000\n"}}
[info] 
┌─────────────────────────────────────────────────────────────┐
│ ✔  All emulators ready! It is now safe to connect your app. │
│ i  View Emulator UI at http://localhost:4000                │
└─────────────────────────────────────────────────────────────┘

┌────────────────┬──────────────────────────────────┬────────────────────────────────┐
│ Emulator       │ Host:Port                        │ View in Emulator UI            │
├────────────────┼──────────────────────────────────┼────────────────────────────────┤
│ Authentication │ localhost:9099                   │ http://localhost:4000/auth     │
├────────────────┼──────────────────────────────────┼────────────────────────────────┤
│ Functions      │ Failed to initialize (see above) │                                │
├────────────────┼──────────────────────────────────┼────────────────────────────────┤
│ Database       │ localhost:9000                   │ http://localhost:4000/database │
└────────────────┴──────────────────────────────────┴────────────────────────────────┘
  Emulator Hub running at localhost:4400
  Other reserved ports: 4500

Issues? Report them at https://github.com/firebase/firebase-tools/issues and attach the *-debug.log files.
 
[debug] [2022-09-27T22:26:48.359Z] 17:26:48.358 [NamespaceSystem-akka.actor.default-dispatcher-5] INFO com.firebase.core.namespace.NamespaceActor - productive-c3d8a successfully activated FBKV (SurveyIdle(0)) wait: 331ms, init: 0ms
 {"metadata":{"emulator":{"name":"database"},"message":"17:26:48.358 [NamespaceSystem-akka.actor.default-dispatcher-5] INFO com.firebase.core.namespace.NamespaceActor - productive-c3d8a successfully activated FBKV (SurveyIdle(0)) wait: 331ms, init: 0ms\n"}}
